#
# There is insufficient memory for the Java Runtime Environment to continue.
# Native memory allocation (mmap) failed to map 104857600 bytes for Failed to commit area from 0x000000009d400000 to 0x00000000a3800000 of length 104857600.
# Possible reasons:
#   The system is out of physical RAM or swap space
#   The process is running with CompressedOops enabled, and the Java Heap may be blocking the growth of the native heap
# Possible solutions:
#   Reduce memory load on the system
#   Increase physical memory or swap space
#   Check if swap backing store is full
#   Decrease Java heap size (-Xmx/-Xms)
#   Decrease number of Java threads
#   Decrease Java thread stack sizes (-Xss)
#   Set larger code cache with -XX:ReservedCodeCacheSize=
# This output file may be truncated or incomplete.
#
#  Out of Memory Error (./src/hotspot/os/windows/os_windows.cpp:3311), pid=21432, tid=21228
#
# JRE version:  (11.0.13+8) (build )
# Java VM: OpenJDK 64-Bit Server VM (11.0.13+8, mixed mode, sharing, tiered, compressed oops, g1 gc, windows-amd64)
# No core dump will be written. Minidumps are not enabled by default on client versions of Windows
#

---------------  S U M M A R Y ------------

Command Line: -XX:TieredStopAtLevel=1 -Xverify:none -Dspring.output.ansi.enabled=always -Dcom.sun.management.jmxremote -Dspring.jmx.enabled=true -Dspring.liveBeansView.mbeanDomain -Dspring.application.admin.enabled=true -javaagent:D:\Видео\lib\idea_rt.jar=55232:D:\Видео\bin -Dfile.encoding=UTF-8 com.mber.MainApp

Host: AMD Ryzen 5 2500U with Radeon Vega Mobile Gfx  , 8 cores, 6G,  Windows 10 , 64 bit Build 19041 (10.0.19041.1889)
Time: Sat Sep 10 22:24:05 2022 RTZ 2 (зима) elapsed time: 0.049141 seconds (0d 0h 0m 0s)

---------------  T H R E A D  ---------------

Current thread (0x00000181f0c45800):  JavaThread "Unknown thread" [_thread_in_vm, id=21228, stack(0x00000034e1e00000,0x00000034e1f00000)]

Stack: [0x00000034e1e00000,0x00000034e1f00000]
Native frames: (J=compiled Java code, j=interpreted, Vv=VM code, C=native code)
V  [jvm.dll+0x61cc7a]
V  [jvm.dll+0x7a8fd9]
V  [jvm.dll+0x7aa69f]
V  [jvm.dll+0x7aad73]
V  [jvm.dll+0x24f808]
V  [jvm.dll+0x619f8a]
V  [jvm.dll+0x60e835]
V  [jvm.dll+0x30733c]
V  [jvm.dll+0x3071c2]
V  [jvm.dll+0x30bee6]
V  [jvm.dll+0x350e8f]
V  [jvm.dll+0x3508c0]
V  [jvm.dll+0x2e4438]
V  [jvm.dll+0x2e5596]
V  [jvm.dll+0x782db7]
V  [jvm.dll+0x78453f]
V  [jvm.dll+0x35dc19]
V  [jvm.dll+0x765d40]
V  [jvm.dll+0x3cb66f]
V  [jvm.dll+0x3cda01]
C  [jli.dll+0x5207]
C  [ucrtbase.dll+0x21bb2]
C  [KERNEL32.DLL+0x17034]
C  [ntdll.dll+0x52651]


---------------  P R O C E S S  ---------------

Threads class SMR info:
_java_thread_list=0x00000181f0b48800, length=0, elements={
}

Java Threads: ( => current thread )

Other Threads:
  0x00000181f0c60000 GCTaskThread "GC Thread#0" [stack: 0x00000034e1f00000,0x00000034e2000000] [id=5332]
  0x00000181f0c89800 ConcurrentGCThread "G1 Main Marker" [stack: 0x00000034e2000000,0x00000034e2100000] [id=4116]
  0x00000181f0c8c000 ConcurrentGCThread "G1 Conc#0" [stack: 0x00000034e2100000,0x00000034e2200000] [id=17196]

[error occurred during error reporting (printing all threads), id 0xc0000005, EXCEPTION_ACCESS_VIOLATION (0xc0000005) at pc=0x00007ffa8aff3b17]

VM state:not at safepoint (not fully initialized)

VM Mutex/Monitor currently owned by a thread:  ([mutex/lock_event])
[0x00000181f0c42ad0] Heap_lock - owner thread: 0x00000181f0c45800

Heap address: 0x000000009d400000, size: 1580 MB, Compressed Oops mode: Non-zero based: 0x000000009d400000
Narrow klass base: 0x0000000000000000, Narrow klass shift: 0

GC Heap History (0 events):
No events

Deoptimization events (0 events):
No events

Classes redefined (0 events):
No events

Internal exceptions (0 events):
No events

Events (1 events):
Event: 0.037 Loaded shared library C:\Program Files\Java\jdk-11.0.13+8\bin\zip.dll


Dynamic libraries:
0x00007ff78f520000 - 0x00007ff78f52d000 	C:\Program Files\Java\jdk-11.0.13+8\bin\java.exe
0x00007ffae92b0000 - 0x00007ffae94a8000 	C:\WINDOWS\SYSTEM32\ntdll.dll
0x00007ffae7830000 - 0x00007ffae78ed000 	C:\WINDOWS\System32\KERNEL32.DLL
0x00007ffae7040000 - 0x00007ffae730e000 	C:\WINDOWS\System32\KERNELBASE.dll
0x00007ffae6cb0000 - 0x00007ffae6db0000 	C:\WINDOWS\System32\ucrtbase.dll
0x00007ffad6b30000 - 0x00007ffad6b47000 	C:\Program Files\Java\jdk-11.0.13+8\bin\jli.dll
0x00007ffae8330000 - 0x00007ffae84d0000 	C:\WINDOWS\System32\USER32.dll
0x00007ffae7010000 - 0x00007ffae7032000 	C:\WINDOWS\System32\win32u.dll
0x00007ffae8c80000 - 0x00007ffae8caa000 	C:\WINDOWS\System32\GDI32.dll
0x00007ffae6ae0000 - 0x00007ffae6beb000 	C:\WINDOWS\System32\gdi32full.dll
0x00007ffae69d0000 - 0x00007ffae6a6d000 	C:\WINDOWS\System32\msvcp_win.dll
0x00007ffad5090000 - 0x00007ffad532a000 	C:\WINDOWS\WinSxS\amd64_microsoft.windows.common-controls_6595b64144ccf1df_6.0.19041.1110_none_60b5254171f9507e\COMCTL32.dll
0x00007ffae8130000 - 0x00007ffae81ce000 	C:\WINDOWS\System32\msvcrt.dll
0x00007ffad6ba0000 - 0x00007ffad6bb5000 	C:\Program Files\Java\jdk-11.0.13+8\bin\VCRUNTIME140.dll
0x00007ffae81d0000 - 0x00007ffae8200000 	C:\WINDOWS\System32\IMM32.DLL
0x00007ffabb6f0000 - 0x00007ffabb78b000 	C:\Program Files\Java\jdk-11.0.13+8\bin\msvcp140.dll
0x00007ffa8ad00000 - 0x00007ffa8b87e000 	C:\Program Files\Java\jdk-11.0.13+8\bin\server\jvm.dll
0x00007ffae8e60000 - 0x00007ffae8f0e000 	C:\WINDOWS\System32\ADVAPI32.dll
0x00007ffae8660000 - 0x00007ffae86fc000 	C:\WINDOWS\System32\sechost.dll
0x00007ffae8530000 - 0x00007ffae8655000 	C:\WINDOWS\System32\RPCRT4.dll
0x00007ffae79d0000 - 0x00007ffae79d8000 	C:\WINDOWS\System32\PSAPI.DLL
0x00007ffad5590000 - 0x00007ffad5599000 	C:\WINDOWS\SYSTEM32\WSOCK32.dll
0x00007ffae8210000 - 0x00007ffae827b000 	C:\WINDOWS\System32\WS2_32.dll
0x00007ffadc440000 - 0x00007ffadc467000 	C:\WINDOWS\SYSTEM32\WINMM.dll
0x00007ffadc470000 - 0x00007ffadc47a000 	C:\WINDOWS\SYSTEM32\VERSION.dll
0x00007ffae5250000 - 0x00007ffae5262000 	C:\WINDOWS\SYSTEM32\kernel.appcore.dll
0x00007ffae2190000 - 0x00007ffae21a0000 	C:\Program Files\Java\jdk-11.0.13+8\bin\verify.dll
0x00007ffae4fe0000 - 0x00007ffae51c4000 	C:\WINDOWS\SYSTEM32\DBGHELP.DLL
0x00007ffad19b0000 - 0x00007ffad19dc000 	C:\WINDOWS\SYSTEM32\dbgcore.DLL
0x00007ffae6c20000 - 0x00007ffae6ca2000 	C:\WINDOWS\System32\bcryptPrimitives.dll
0x00007ffabe930000 - 0x00007ffabe958000 	C:\Program Files\Java\jdk-11.0.13+8\bin\java.dll
0x00007ffae2100000 - 0x00007ffae210a000 	C:\Program Files\Java\jdk-11.0.13+8\bin\jimage.dll
0x00007ffac0f50000 - 0x00007ffac0f5e000 	C:\Program Files\Java\jdk-11.0.13+8\bin\instrument.dll
0x00007ffad4d10000 - 0x00007ffad4d27000 	C:\Program Files\Java\jdk-11.0.13+8\bin\zip.dll

dbghelp: loaded successfully - version: 4.0.5 - missing functions: none
symbol engine: initialized successfully - sym options: 0x614 - pdb path: .;C:\Program Files\Java\jdk-11.0.13+8\bin;C:\WINDOWS\SYSTEM32;C:\WINDOWS\WinSxS\amd64_microsoft.windows.common-controls_6595b64144ccf1df_6.0.19041.1110_none_60b5254171f9507e;C:\Program Files\Java\jdk-11.0.13+8\bin\server

VM Arguments:
jvm_args: -XX:TieredStopAtLevel=1 -Xverify:none -Dspring.output.ansi.enabled=always -Dcom.sun.management.jmxremote -Dspring.jmx.enabled=true -Dspring.liveBeansView.mbeanDomain -Dspring.application.admin.enabled=true -javaagent:D:\Видео\lib\idea_rt.jar=55232:D:\Видео\bin -Dfile.encoding=UTF-8 
java_command: com.mber.MainApp
java_class_path (initial): C:\Users\Админ\Desktop\Новая папка (3)\portfolio-website_personal_blog\target\classes;C:\Users\Админ\.m2\repository\org\springframework\boot\spring-boot-starter-thymeleaf\2.5.7\spring-boot-starter-thymeleaf-2.5.7.jar;C:\Users\Админ\.m2\repository\org\springframework\boot\spring-boot-starter\2.5.7\spring-boot-starter-2.5.7.jar;C:\Users\Админ\.m2\repository\org\springframework\boot\spring-boot-starter-logging\2.5.7\spring-boot-starter-logging-2.5.7.jar;C:\Users\Админ\.m2\repository\ch\qos\logback\logback-classic\1.2.7\logback-classic-1.2.7.jar;C:\Users\Админ\.m2\repository\ch\qos\logback\logback-core\1.2.7\logback-core-1.2.7.jar;C:\Users\Админ\.m2\repository\org\apache\logging\log4j\log4j-to-slf4j\2.14.1\log4j-to-slf4j-2.14.1.jar;C:\Users\Админ\.m2\repository\org\apache\logging\log4j\log4j-api\2.14.1\log4j-api-2.14.1.jar;C:\Users\Админ\.m2\repository\org\slf4j\jul-to-slf4j\1.7.32\jul-to-slf4j-1.7.32.jar;C:\Users\Админ\.m2\repository\jakarta\annotation\jakarta.annotation-api\1.3.5\jakarta.annotation-api-1.3.5.jar;C:\Users\Админ\.m2\repository\org\yaml\snakeyaml\1.28\snakeyaml-1.28.jar;C:\Users\Админ\.m2\repository\org\thymeleaf\thymeleaf-spring5\3.0.12.RELEASE\thymeleaf-spring5-3.0.12.RELEASE.jar;C:\Users\Админ\.m2\repository\org\thymeleaf\thymeleaf\3.0.12.RELEASE\thymeleaf-3.0.12.RELEASE.jar;C:\Users\Админ\.m2\repository\org\attoparser\attoparser\2.0.5.RELEASE\attoparser-2.0.5.RELEASE.jar;C:\Users\Админ\.m2\repository\org\unbescape\unbescape\1.1.6.RELEASE\unbescape-1.1.6.RELEASE.jar;C:\Users\Админ\.m2\repository\org\slf4j\slf4j-api\1.7.32\slf4j-api-1.7.32.jar;C:\Users\Админ\.m2\repository\org\thymeleaf\extras\thymeleaf-extras-java8time\3.0.4.RELEASE\thymeleaf-extras-java8time-3.0.4.RELEASE.jar;C:\Users\Админ\.m2\repository\org\springframework\boot\spring-boot-starter-web\2.5.7\spring-boot-starter-web-2.5.7.jar;C:\Users\Админ\.m2\repository\org\springframework\boot\spring-boot-starter-json\2.5.7\spring-boot-starter-json-2.5.7.jar;C:\Users\А
Launcher Type: SUN_STANDARD

[Global flags]
     bool BytecodeVerificationLocal                = false                                     {product} {command line}
     bool BytecodeVerificationRemote               = false                                     {product} {command line}
     intx CICompilerCount                          = 4                                         {product} {ergonomic}
     uint ConcGCThreads                            = 2                                         {product} {ergonomic}
     uint G1ConcRefinementThreads                  = 8                                         {product} {ergonomic}
   size_t G1HeapRegionSize                         = 1048576                                   {product} {ergonomic}
    uintx GCDrainStackTargetSize                   = 64                                        {product} {ergonomic}
   size_t InitialHeapSize                          = 104857600                                 {product} {ergonomic}
     bool ManagementServer                         = true                                      {product} {command line}
   size_t MarkStackSize                            = 4194304                                   {product} {ergonomic}
   size_t MaxHeapSize                              = 1656750080                                {product} {ergonomic}
   size_t MinHeapDeltaBytes                        = 1048576                                   {product} {ergonomic}
    uintx NonNMethodCodeHeapSize                   = 7549744                                {pd product} {ergonomic}
    uintx NonProfiledCodeHeapSize                  = 244108496                              {pd product} {ergonomic}
    uintx ProfiledCodeHeapSize                     = 0                                      {pd product} {ergonomic}
    uintx ReservedCodeCacheSize                    = 251658240                              {pd product} {ergonomic}
     bool SegmentedCodeCache                       = true                                      {product} {ergonomic}
     intx TieredStopAtLevel                        = 1                                         {product} {command line}
     bool UseCompressedClassPointers               = true                                 {lp64_product} {ergonomic}
     bool UseCompressedOops                        = true                                 {lp64_product} {ergonomic}
     bool UseG1GC                                  = true                                      {product} {ergonomic}
     bool UseLargePagesIndividualAllocation        = false                                  {pd product} {ergonomic}

Logging:
Log output configuration:
 #0: stdout all=warning uptime,level,tags
 #1: stderr all=off uptime,level,tags

Environment Variables:
JAVA_HOME=C:\Users\Админ\.jdks\liberica-1.8.0_333
PATH=C:\WINDOWS\system32;C:\WINDOWS;C:\WINDOWS\System32\Wbem;C:\WINDOWS\System32\WindowsPowerShell\v1.0\;C:\WINDOWS\System32\OpenSSH\;C:\Program Files\dotnet\;C:\Program Files (x86)\Microsoft SQL Server\100\Tools\Binn\;C:\Program Files\Microsoft SQL Server\100\Tools\Binn\;C:\Program Files\Microsoft SQL Server\100\DTS\Binn\;C:\Program Files (x86)\Microsoft SQL Server\100\Tools\Binn\VSShell\Common7\IDE\;C:\Program Files (x86)\Microsoft SQL Server\100\DTS\Binn\;C:\Program Files\nodejs\;C:\Program Files\Git\cmd;C:\Program Files\Docker\Docker\resources\bin;C:\ProgramData\DockerDesktop\version-bin;C:\Users\Админ\AppData\Local\Microsoft\WindowsApps;C:\Users\Админ\AppData\Roaming\npm;C:\Users\Админ\AppData\Local\GitHubDesktop\bin;C:\Program Files\JetBrains\IntelliJ IDEA 2022.1.3\bin;;C:\Users\Админ\.jdks\liberica-1.8.0_333\bin;
USERNAME=Админ
OS=Windows_NT
PROCESSOR_IDENTIFIER=AMD64 Family 23 Model 17 Stepping 0, AuthenticAMD



---------------  S Y S T E M  ---------------

OS: Windows 10 , 64 bit Build 19041 (10.0.19041.1889)
OS uptime: 1 days 14:07 hours
Hyper-V role detected

CPU:total 8 (initial active 8) (8 cores per cpu, 2 threads per core) family 23 model 17 stepping 0 microcode 0x0, cmov, cx8, fxsr, mmx, sse, sse2, sse3, ssse3, sse4.1, sse4.2, popcnt, avx, avx2, aes, clmul, mmxext, 3dnowpref, lzcnt, sse4a, ht, tsc, tscinvbit, tscinv, bmi1, bmi2, adx, sha, fma

Memory: 4k page, system-wide physical 6319M (544M free)
TotalPageFile size 22703M (AvailPageFile size 81M)
current process WorkingSet (physical memory assigned to process): 10M, peak: 10M
current process commit charge ("private bytes"): 57M, peak: 157M

vm_info: OpenJDK 64-Bit Server VM (11.0.13+8) for windows-amd64 JRE (11.0.13+8), built on Oct 19 2021 17:05:59 by "" with unknown MS VC++:1916

END.
